TN:
SF:src\lib\utils.ts
FN:22,cn
FN:44,logWebhookEvent
FN:60,enumToWord
FN:67,sentenceCase
FN:71,snakeToTitleCase
FN:80,capitalizeWords
FN:87,getTimeDistanceRaw
FN:92,getTimeLeft
FN:100,getTimeAgo
FN:105,getTimeLastUpdated
FN:110,getTimeCreated
FN:115,searchParamsToProjectFilters
FN:136,projectFiltersToSearchParams
FN:162,searchParamsToTeamMemberFilters
FN:182,teamMemberFiltersToSearchParams
FN:196,getUserInitials
FN:202,extractNonNullableFrom
FN:208,hasTrueValue
FN:214,extractEveryMember
FN:225,stringToHash
FN:236,getColorFromHash
FN:244,getContent
FN:259,$isWhitespace
FN:272,$isEmpty
FN:289,sanitizeSerializedEditorState
FNF:25
FNH:12
FNDA:0,cn
FNDA:0,logWebhookEvent
FNDA:1,enumToWord
FNDA:1,sentenceCase
FNDA:1,snakeToTitleCase
FNDA:1,capitalizeWords
FNDA:2,getTimeDistanceRaw
FNDA:0,getTimeLeft
FNDA:1,getTimeAgo
FNDA:0,getTimeLastUpdated
FNDA:0,getTimeCreated
FNDA:0,searchParamsToProjectFilters
FNDA:0,projectFiltersToSearchParams
FNDA:0,searchParamsToTeamMemberFilters
FNDA:0,teamMemberFiltersToSearchParams
FNDA:2,getUserInitials
FNDA:1,extractNonNullableFrom
FNDA:2,hasTrueValue
FNDA:0,extractEveryMember
FNDA:3,stringToHash
FNDA:1,getColorFromHash
FNDA:2,getContent
FNDA:0,$isWhitespace
FNDA:0,$isEmpty
FNDA:0,sanitizeSerializedEditorState
DA:1,1
DA:2,1
DA:3,1
DA:4,1
DA:5,1
DA:6,1
DA:7,1
DA:8,1
DA:9,1
DA:10,1
DA:11,1
DA:12,1
DA:13,1
DA:14,1
DA:15,1
DA:16,1
DA:17,1
DA:18,1
DA:19,1
DA:20,1
DA:21,1
DA:22,1
DA:23,0
DA:24,0
DA:25,1
DA:26,1
DA:27,1
DA:28,1
DA:29,1
DA:30,1
DA:31,1
DA:32,1
DA:33,1
DA:34,1
DA:35,1
DA:36,1
DA:37,1
DA:38,1
DA:39,1
DA:40,1
DA:41,1
DA:42,1
DA:43,1
DA:44,1
DA:45,0
DA:46,0
DA:47,0
DA:48,0
DA:49,0
DA:50,0
DA:51,0
DA:52,0
DA:53,0
DA:54,0
DA:55,0
DA:56,0
DA:57,0
DA:58,0
DA:59,1
DA:60,1
DA:61,1
DA:62,1
DA:63,1
DA:64,1
DA:65,1
DA:66,1
DA:67,1
DA:68,1
DA:69,1
DA:70,1
DA:71,1
DA:72,1
DA:73,1
DA:74,1
DA:75,1
DA:76,1
DA:77,1
DA:78,1
DA:79,1
DA:80,1
DA:81,1
DA:82,1
DA:83,1
DA:84,1
DA:85,1
DA:86,1
DA:87,1
DA:88,2
DA:89,2
DA:90,2
DA:91,2
DA:92,1
DA:93,0
DA:94,0
DA:95,0
DA:96,0
DA:97,0
DA:98,0
DA:99,1
DA:100,1
DA:101,1
DA:102,1
DA:103,1
DA:104,1
DA:105,1
DA:106,0
DA:107,0
DA:108,0
DA:109,1
DA:110,1
DA:111,0
DA:112,0
DA:113,0
DA:114,1
DA:115,1
DA:116,0
DA:117,0
DA:118,0
DA:119,0
DA:120,0
DA:121,0
DA:122,0
DA:123,0
DA:124,0
DA:125,0
DA:126,0
DA:127,0
DA:128,0
DA:129,0
DA:130,0
DA:131,0
DA:132,0
DA:133,0
DA:134,0
DA:135,1
DA:136,1
DA:137,0
DA:138,0
DA:139,0
DA:140,0
DA:141,0
DA:142,0
DA:143,0
DA:144,0
DA:145,0
DA:146,0
DA:147,0
DA:148,0
DA:149,0
DA:150,0
DA:151,0
DA:152,0
DA:153,0
DA:154,0
DA:155,0
DA:156,0
DA:157,0
DA:158,0
DA:159,0
DA:160,0
DA:161,1
DA:162,1
DA:163,0
DA:164,0
DA:165,0
DA:166,0
DA:167,0
DA:168,0
DA:169,0
DA:170,0
DA:171,0
DA:172,0
DA:173,0
DA:174,0
DA:175,0
DA:176,0
DA:177,0
DA:178,0
DA:179,0
DA:180,0
DA:181,1
DA:182,1
DA:183,0
DA:184,0
DA:185,0
DA:186,0
DA:187,0
DA:188,0
DA:189,0
DA:190,0
DA:191,0
DA:192,0
DA:193,0
DA:194,0
DA:195,1
DA:196,1
DA:197,2
DA:198,2
DA:199,2
DA:200,2
DA:201,1
DA:202,1
DA:203,1
DA:204,1
DA:205,1
DA:206,1
DA:207,1
DA:208,1
DA:209,2
DA:210,2
DA:211,2
DA:212,2
DA:213,1
DA:214,1
DA:215,0
DA:216,0
DA:217,0
DA:218,0
DA:219,0
DA:220,0
DA:221,0
DA:222,0
DA:223,0
DA:224,1
DA:225,1
DA:226,3
DA:227,3
DA:228,15
DA:229,15
DA:230,15
DA:231,15
DA:232,3
DA:233,3
DA:234,1
DA:235,1
DA:236,1
DA:237,1
DA:238,1
DA:239,1
DA:240,1
DA:241,1
DA:242,1
DA:243,1
DA:244,1
DA:245,2
DA:246,2
DA:247,2
DA:248,2
DA:249,2
DA:250,1
DA:251,1
DA:252,1
DA:253,1
DA:254,1
DA:255,1
DA:256,1
DA:257,1
DA:258,1
DA:259,1
DA:260,0
DA:261,0
DA:262,0
DA:263,0
DA:264,0
DA:265,0
DA:266,0
DA:267,0
DA:268,0
DA:269,0
DA:270,0
DA:271,1
DA:272,1
DA:273,0
DA:274,0
DA:275,0
DA:276,0
DA:277,0
DA:278,0
DA:279,0
DA:280,0
DA:281,0
DA:282,0
DA:283,0
DA:284,0
DA:285,0
DA:286,0
DA:287,0
DA:288,1
DA:289,1
DA:290,0
DA:291,0
DA:292,0
DA:293,0
DA:294,0
DA:295,0
DA:296,0
DA:297,0
DA:298,0
DA:299,0
DA:300,0
DA:301,0
DA:302,0
DA:303,0
DA:304,0
DA:305,0
DA:306,0
DA:307,0
DA:308,0
DA:309,0
DA:310,0
DA:311,0
DA:312,0
DA:313,0
DA:314,0
DA:315,0
DA:316,0
DA:317,0
DA:318,0
DA:319,0
DA:320,0
DA:321,0
DA:322,0
DA:323,0
DA:324,0
DA:325,0
DA:326,0
DA:327,0
DA:328,0
DA:329,0
DA:330,0
DA:331,0
DA:332,0
DA:333,0
DA:334,0
DA:335,0
DA:336,0
DA:337,0
DA:338,0
LF:338
LH:153
BRDA:60,0,0,1
BRDA:63,1,0,2
BRDA:67,2,0,1
BRDA:71,3,0,1
BRDA:72,4,0,0
BRDA:76,5,0,2
BRDA:80,6,0,1
BRDA:83,7,0,2
BRDA:87,8,0,2
BRDA:100,9,0,1
BRDA:196,10,0,2
BRDA:197,11,0,0
BRDA:198,12,0,1
BRDA:198,13,0,1
BRDA:202,14,0,1
BRDA:205,15,0,5
BRDA:205,16,0,4
BRDA:208,17,0,2
BRDA:210,18,0,4
BRDA:225,19,0,3
BRDA:227,20,0,15
BRDA:236,21,0,1
BRDA:244,22,0,2
BRDA:245,23,0,0
BRDA:249,24,0,1
BRDA:255,25,0,2
BRDA:255,26,0,0
BRF:27
BRH:23
end_of_record
